2025-06-14 17:25:06 info: MongoDB Connected: 127.0.0.1
2025-06-14 17:25:06 info: Server running in development mode on port 5000
2025-06-14 17:25:08 error: GET /api/v1/settings/me: Not authorized to access this route : errrTokenExpiredError: jwt expired
Error: Not authorized to access this route : errrTokenExpiredError: jwt expired
    at C:\Users\chen tsumai\Documents\hackeru\Final project\bcm update4\bcm-main4\bcm-main4\bcm-main\apps\backend\src\middleware\auth.ts:46:9
    at C:\Users\chen tsumai\Documents\hackeru\Final project\bcm update4\bcm-main4\bcm-main4\bcm-main\apps\backend\src\middleware\async.ts:8:21
    at Layer.handle [as handle_request] (C:\Users\chen tsumai\Documents\hackeru\Final project\bcm update4\bcm-main4\bcm-main4\bcm-main\node_modules\express\lib\router\layer.js:95:5)
    at trim_prefix (C:\Users\chen tsumai\Documents\hackeru\Final project\bcm update4\bcm-main4\bcm-main4\bcm-main\node_modules\express\lib\router\index.js:328:13)
    at C:\Users\chen tsumai\Documents\hackeru\Final project\bcm update4\bcm-main4\bcm-main4\bcm-main\node_modules\express\lib\router\index.js:286:9
    at Function.process_params (C:\Users\chen tsumai\Documents\hackeru\Final project\bcm update4\bcm-main4\bcm-main4\bcm-main\node_modules\express\lib\router\index.js:346:12)
    at next (C:\Users\chen tsumai\Documents\hackeru\Final project\bcm update4\bcm-main4\bcm-main4\bcm-main\node_modules\express\lib\router\index.js:280:10)
    at Function.handle (C:\Users\chen tsumai\Documents\hackeru\Final project\bcm update4\bcm-main4\bcm-main4\bcm-main\node_modules\express\lib\router\index.js:175:3)
    at router (C:\Users\chen tsumai\Documents\hackeru\Final project\bcm update4\bcm-main4\bcm-main4\bcm-main\node_modules\express\lib\router\index.js:47:12)
    at Layer.handle [as handle_request] (C:\Users\chen tsumai\Documents\hackeru\Final project\bcm update4\bcm-main4\bcm-main4\bcm-main\node_modules\express\lib\router\layer.js:95:5)
2025-06-14 17:25:08 error: GET /api/v1/settings/me: Not authorized to access this route : errrTokenExpiredError: jwt expired
Error: Not authorized to access this route : errrTokenExpiredError: jwt expired
    at C:\Users\chen tsumai\Documents\hackeru\Final project\bcm update4\bcm-main4\bcm-main4\bcm-main\apps\backend\src\middleware\auth.ts:46:9
    at C:\Users\chen tsumai\Documents\hackeru\Final project\bcm update4\bcm-main4\bcm-main4\bcm-main\apps\backend\src\middleware\async.ts:8:21
    at Layer.handle [as handle_request] (C:\Users\chen tsumai\Documents\hackeru\Final project\bcm update4\bcm-main4\bcm-main4\bcm-main\node_modules\express\lib\router\layer.js:95:5)
    at trim_prefix (C:\Users\chen tsumai\Documents\hackeru\Final project\bcm update4\bcm-main4\bcm-main4\bcm-main\node_modules\express\lib\router\index.js:328:13)
    at C:\Users\chen tsumai\Documents\hackeru\Final project\bcm update4\bcm-main4\bcm-main4\bcm-main\node_modules\express\lib\router\index.js:286:9
    at Function.process_params (C:\Users\chen tsumai\Documents\hackeru\Final project\bcm update4\bcm-main4\bcm-main4\bcm-main\node_modules\express\lib\router\index.js:346:12)
    at next (C:\Users\chen tsumai\Documents\hackeru\Final project\bcm update4\bcm-main4\bcm-main4\bcm-main\node_modules\express\lib\router\index.js:280:10)
    at Function.handle (C:\Users\chen tsumai\Documents\hackeru\Final project\bcm update4\bcm-main4\bcm-main4\bcm-main\node_modules\express\lib\router\index.js:175:3)
    at router (C:\Users\chen tsumai\Documents\hackeru\Final project\bcm update4\bcm-main4\bcm-main4\bcm-main\node_modules\express\lib\router\index.js:47:12)
    at Layer.handle [as handle_request] (C:\Users\chen tsumai\Documents\hackeru\Final project\bcm update4\bcm-main4\bcm-main4\bcm-main\node_modules\express\lib\router\layer.js:95:5)
2025-06-14 17:25:08 error: GET /api/v1/settings/me: Not authorized to access this route : errrTokenExpiredError: jwt expired
Error: Not authorized to access this route : errrTokenExpiredError: jwt expired
    at C:\Users\chen tsumai\Documents\hackeru\Final project\bcm update4\bcm-main4\bcm-main4\bcm-main\apps\backend\src\middleware\auth.ts:46:9
    at C:\Users\chen tsumai\Documents\hackeru\Final project\bcm update4\bcm-main4\bcm-main4\bcm-main\apps\backend\src\middleware\async.ts:8:21
    at Layer.handle [as handle_request] (C:\Users\chen tsumai\Documents\hackeru\Final project\bcm update4\bcm-main4\bcm-main4\bcm-main\node_modules\express\lib\router\layer.js:95:5)
    at trim_prefix (C:\Users\chen tsumai\Documents\hackeru\Final project\bcm update4\bcm-main4\bcm-main4\bcm-main\node_modules\express\lib\router\index.js:328:13)
    at C:\Users\chen tsumai\Documents\hackeru\Final project\bcm update4\bcm-main4\bcm-main4\bcm-main\node_modules\express\lib\router\index.js:286:9
    at Function.process_params (C:\Users\chen tsumai\Documents\hackeru\Final project\bcm update4\bcm-main4\bcm-main4\bcm-main\node_modules\express\lib\router\index.js:346:12)
    at next (C:\Users\chen tsumai\Documents\hackeru\Final project\bcm update4\bcm-main4\bcm-main4\bcm-main\node_modules\express\lib\router\index.js:280:10)
    at Function.handle (C:\Users\chen tsumai\Documents\hackeru\Final project\bcm update4\bcm-main4\bcm-main4\bcm-main\node_modules\express\lib\router\index.js:175:3)
    at router (C:\Users\chen tsumai\Documents\hackeru\Final project\bcm update4\bcm-main4\bcm-main4\bcm-main\node_modules\express\lib\router\index.js:47:12)
    at Layer.handle [as handle_request] (C:\Users\chen tsumai\Documents\hackeru\Final project\bcm update4\bcm-main4\bcm-main4\bcm-main\node_modules\express\lib\router\layer.js:95:5)
2025-06-14 17:25:08 error: GET /api/v1/settings/me: Not authorized to access this route : errrTokenExpiredError: jwt expired
Error: Not authorized to access this route : errrTokenExpiredError: jwt expired
    at C:\Users\chen tsumai\Documents\hackeru\Final project\bcm update4\bcm-main4\bcm-main4\bcm-main\apps\backend\src\middleware\auth.ts:46:9
    at C:\Users\chen tsumai\Documents\hackeru\Final project\bcm update4\bcm-main4\bcm-main4\bcm-main\apps\backend\src\middleware\async.ts:8:21
    at Layer.handle [as handle_request] (C:\Users\chen tsumai\Documents\hackeru\Final project\bcm update4\bcm-main4\bcm-main4\bcm-main\node_modules\express\lib\router\layer.js:95:5)
    at trim_prefix (C:\Users\chen tsumai\Documents\hackeru\Final project\bcm update4\bcm-main4\bcm-main4\bcm-main\node_modules\express\lib\router\index.js:328:13)
    at C:\Users\chen tsumai\Documents\hackeru\Final project\bcm update4\bcm-main4\bcm-main4\bcm-main\node_modules\express\lib\router\index.js:286:9
    at Function.process_params (C:\Users\chen tsumai\Documents\hackeru\Final project\bcm update4\bcm-main4\bcm-main4\bcm-main\node_modules\express\lib\router\index.js:346:12)
    at next (C:\Users\chen tsumai\Documents\hackeru\Final project\bcm update4\bcm-main4\bcm-main4\bcm-main\node_modules\express\lib\router\index.js:280:10)
    at Function.handle (C:\Users\chen tsumai\Documents\hackeru\Final project\bcm update4\bcm-main4\bcm-main4\bcm-main\node_modules\express\lib\router\index.js:175:3)
    at router (C:\Users\chen tsumai\Documents\hackeru\Final project\bcm update4\bcm-main4\bcm-main4\bcm-main\node_modules\express\lib\router\index.js:47:12)
    at Layer.handle [as handle_request] (C:\Users\chen tsumai\Documents\hackeru\Final project\bcm update4\bcm-main4\bcm-main4\bcm-main\node_modules\express\lib\router\layer.js:95:5)
2025-06-14 17:25:26 error: GET /api/v1/auth/me: Not authorized to access this route : errrTokenExpiredError: jwt expired
Error: Not authorized to access this route : errrTokenExpiredError: jwt expired
    at C:\Users\chen tsumai\Documents\hackeru\Final project\bcm update4\bcm-main4\bcm-main4\bcm-main\apps\backend\src\middleware\auth.ts:46:9
    at C:\Users\chen tsumai\Documents\hackeru\Final project\bcm update4\bcm-main4\bcm-main4\bcm-main\apps\backend\src\middleware\async.ts:8:21
    at Layer.handle [as handle_request] (C:\Users\chen tsumai\Documents\hackeru\Final project\bcm update4\bcm-main4\bcm-main4\bcm-main\node_modules\express\lib\router\layer.js:95:5)
    at trim_prefix (C:\Users\chen tsumai\Documents\hackeru\Final project\bcm update4\bcm-main4\bcm-main4\bcm-main\node_modules\express\lib\router\index.js:328:13)
    at C:\Users\chen tsumai\Documents\hackeru\Final project\bcm update4\bcm-main4\bcm-main4\bcm-main\node_modules\express\lib\router\index.js:286:9
    at Function.process_params (C:\Users\chen tsumai\Documents\hackeru\Final project\bcm update4\bcm-main4\bcm-main4\bcm-main\node_modules\express\lib\router\index.js:346:12)
    at next (C:\Users\chen tsumai\Documents\hackeru\Final project\bcm update4\bcm-main4\bcm-main4\bcm-main\node_modules\express\lib\router\index.js:280:10)
    at Function.handle (C:\Users\chen tsumai\Documents\hackeru\Final project\bcm update4\bcm-main4\bcm-main4\bcm-main\node_modules\express\lib\router\index.js:175:3)
    at router (C:\Users\chen tsumai\Documents\hackeru\Final project\bcm update4\bcm-main4\bcm-main4\bcm-main\node_modules\express\lib\router\index.js:47:12)
    at Layer.handle [as handle_request] (C:\Users\chen tsumai\Documents\hackeru\Final project\bcm update4\bcm-main4\bcm-main4\bcm-main\node_modules\express\lib\router\layer.js:95:5)
2025-06-14 17:25:26 error: GET /api/v1/auth/me: Not authorized to access this route : errrTokenExpiredError: jwt expired
Error: Not authorized to access this route : errrTokenExpiredError: jwt expired
    at C:\Users\chen tsumai\Documents\hackeru\Final project\bcm update4\bcm-main4\bcm-main4\bcm-main\apps\backend\src\middleware\auth.ts:46:9
    at C:\Users\chen tsumai\Documents\hackeru\Final project\bcm update4\bcm-main4\bcm-main4\bcm-main\apps\backend\src\middleware\async.ts:8:21
    at Layer.handle [as handle_request] (C:\Users\chen tsumai\Documents\hackeru\Final project\bcm update4\bcm-main4\bcm-main4\bcm-main\node_modules\express\lib\router\layer.js:95:5)
    at trim_prefix (C:\Users\chen tsumai\Documents\hackeru\Final project\bcm update4\bcm-main4\bcm-main4\bcm-main\node_modules\express\lib\router\index.js:328:13)
    at C:\Users\chen tsumai\Documents\hackeru\Final project\bcm update4\bcm-main4\bcm-main4\bcm-main\node_modules\express\lib\router\index.js:286:9
    at Function.process_params (C:\Users\chen tsumai\Documents\hackeru\Final project\bcm update4\bcm-main4\bcm-main4\bcm-main\node_modules\express\lib\router\index.js:346:12)
    at next (C:\Users\chen tsumai\Documents\hackeru\Final project\bcm update4\bcm-main4\bcm-main4\bcm-main\node_modules\express\lib\router\index.js:280:10)
    at Function.handle (C:\Users\chen tsumai\Documents\hackeru\Final project\bcm update4\bcm-main4\bcm-main4\bcm-main\node_modules\express\lib\router\index.js:175:3)
    at router (C:\Users\chen tsumai\Documents\hackeru\Final project\bcm update4\bcm-main4\bcm-main4\bcm-main\node_modules\express\lib\router\index.js:47:12)
    at Layer.handle [as handle_request] (C:\Users\chen tsumai\Documents\hackeru\Final project\bcm update4\bcm-main4\bcm-main4\bcm-main\node_modules\express\lib\router\layer.js:95:5)
2025-06-14 17:25:26 error: GET /api/v1/settings/me: Not authorized to access this route : errrTokenExpiredError: jwt expired
Error: Not authorized to access this route : errrTokenExpiredError: jwt expired
    at C:\Users\chen tsumai\Documents\hackeru\Final project\bcm update4\bcm-main4\bcm-main4\bcm-main\apps\backend\src\middleware\auth.ts:46:9
    at C:\Users\chen tsumai\Documents\hackeru\Final project\bcm update4\bcm-main4\bcm-main4\bcm-main\apps\backend\src\middleware\async.ts:8:21
    at Layer.handle [as handle_request] (C:\Users\chen tsumai\Documents\hackeru\Final project\bcm update4\bcm-main4\bcm-main4\bcm-main\node_modules\express\lib\router\layer.js:95:5)
    at trim_prefix (C:\Users\chen tsumai\Documents\hackeru\Final project\bcm update4\bcm-main4\bcm-main4\bcm-main\node_modules\express\lib\router\index.js:328:13)
    at C:\Users\chen tsumai\Documents\hackeru\Final project\bcm update4\bcm-main4\bcm-main4\bcm-main\node_modules\express\lib\router\index.js:286:9
    at Function.process_params (C:\Users\chen tsumai\Documents\hackeru\Final project\bcm update4\bcm-main4\bcm-main4\bcm-main\node_modules\express\lib\router\index.js:346:12)
    at next (C:\Users\chen tsumai\Documents\hackeru\Final project\bcm update4\bcm-main4\bcm-main4\bcm-main\node_modules\express\lib\router\index.js:280:10)
    at Function.handle (C:\Users\chen tsumai\Documents\hackeru\Final project\bcm update4\bcm-main4\bcm-main4\bcm-main\node_modules\express\lib\router\index.js:175:3)
    at router (C:\Users\chen tsumai\Documents\hackeru\Final project\bcm update4\bcm-main4\bcm-main4\bcm-main\node_modules\express\lib\router\index.js:47:12)
    at Layer.handle [as handle_request] (C:\Users\chen tsumai\Documents\hackeru\Final project\bcm update4\bcm-main4\bcm-main4\bcm-main\node_modules\express\lib\router\layer.js:95:5)
2025-06-14 17:25:26 error: GET /api/v1/auth/me: Not authorized to access this route : errrTokenExpiredError: jwt expired
Error: Not authorized to access this route : errrTokenExpiredError: jwt expired
    at C:\Users\chen tsumai\Documents\hackeru\Final project\bcm update4\bcm-main4\bcm-main4\bcm-main\apps\backend\src\middleware\auth.ts:46:9
    at C:\Users\chen tsumai\Documents\hackeru\Final project\bcm update4\bcm-main4\bcm-main4\bcm-main\apps\backend\src\middleware\async.ts:8:21
    at Layer.handle [as handle_request] (C:\Users\chen tsumai\Documents\hackeru\Final project\bcm update4\bcm-main4\bcm-main4\bcm-main\node_modules\express\lib\router\layer.js:95:5)
    at trim_prefix (C:\Users\chen tsumai\Documents\hackeru\Final project\bcm update4\bcm-main4\bcm-main4\bcm-main\node_modules\express\lib\router\index.js:328:13)
    at C:\Users\chen tsumai\Documents\hackeru\Final project\bcm update4\bcm-main4\bcm-main4\bcm-main\node_modules\express\lib\router\index.js:286:9
    at Function.process_params (C:\Users\chen tsumai\Documents\hackeru\Final project\bcm update4\bcm-main4\bcm-main4\bcm-main\node_modules\express\lib\router\index.js:346:12)
    at next (C:\Users\chen tsumai\Documents\hackeru\Final project\bcm update4\bcm-main4\bcm-main4\bcm-main\node_modules\express\lib\router\index.js:280:10)
    at Function.handle (C:\Users\chen tsumai\Documents\hackeru\Final project\bcm update4\bcm-main4\bcm-main4\bcm-main\node_modules\express\lib\router\index.js:175:3)
    at router (C:\Users\chen tsumai\Documents\hackeru\Final project\bcm update4\bcm-main4\bcm-main4\bcm-main\node_modules\express\lib\router\index.js:47:12)
    at Layer.handle [as handle_request] (C:\Users\chen tsumai\Documents\hackeru\Final project\bcm update4\bcm-main4\bcm-main4\bcm-main\node_modules\express\lib\router\layer.js:95:5)
2025-06-14 17:25:28 info: User log in - 684b44bbdc202210189a49e1
2025-06-14 18:13:25 info: MongoDB Connected: 127.0.0.1
2025-06-14 18:13:25 info: Server running in development mode on port 5000
